

********
 Gradle Layout Check 
********
Gradle Layout is correct.

********
 Extra files found in repo 
********
docs/tag-search-index.js
docs/overview-tree.html
docs/module-search-index.js
docs/index.html
docs/package-search-index.js
docs/link.svg
docs/serialized-form.html
docs/index-all.html
docs/allpackages-index.html
docs/member-search-index.js
docs/copy.svg
docs/script.js
docs/stylesheet.css
docs/search-page.js
docs/help-doc.html
docs/element-list
docs/search.html
docs/allclasses-index.html
docs/type-search-index.js
docs/search.js
resources/x.png
resources/glass.png
script-dir/jquery-ui.min.js
script-dir/jquery-ui.min.css
script-dir/jquery-3.6.1.min.js
mancala/NoSuchPlayerException.html
mancala/MancalaGame.html
mancala/PitNotFoundException.html
mancala/package-summary.html
mancala/Player.html
mancala/Pit.html
mancala/GameNotOverException.html
mancala/Board.html
mancala/package-tree.html
mancala/Store.html
mancala/InvalidMoveException.html
legal/LICENSE
legal/ADDITIONAL_LICENSE_INFO
legal/ASSEMBLY_EXCEPTION

********
 Missing Readme Headings 
********


********
 Build Check on repo as submitted 
********
> Task :clean UP-TO-DATE
> Task :compileJava
> Task :processResources NO-SOURCE
> Task :classes
> Task :jar
> Task :assemble
> Task :compileTestJava
> Task :processTestResources NO-SOURCE
> Task :testClasses
> Task :test NO-SOURCE

> Task :pmdMain
Removed misconfigured rule: LoosePackageCoupling  cause: No packages or classes specified

> Task :pmdTest
Removed misconfigured rule: LoosePackageCoupling  cause: No packages or classes specified
Use of deprecated attribute 'VariableDeclaratorId/@Image' by XPath rule 'FinalFieldCouldBeStatic' (in ruleset 'Design'), please use @Name instead

> Task :pmdMain
197 PMD rule violations were found. See the report at: file:///Users/judi/Desktop/repositories/autograder-GP2/temp/ddombrov/build/reports/pmd/main.html

> Task :check
> Task :build

BUILD SUCCESSFUL in 3s
6 actionable tasks: 5 executed, 1 up-to-date


********
 Action Listeners Implemented using lambdas 
********
Total Action Listeners: 2
Total Lambda Expressions1

********
 Missing Swing Components 
********
JLabel
JFileChooser
JMenuBar
JMenu


********
 PMD Rules Violations 
********
> Task :clean
> Task :compileJava
> Task :processResources NO-SOURCE
> Task :classes
> Task :jar
> Task :assemble
> Task :compileTestJava
> Task :processTestResources NO-SOURCE
> Task :testClasses
> Task :test NO-SOURCE
> Task :pmdTest

> Task :pmdMain
83 PMD rule violations were found. See the report at: file:///Users/judi/Desktop/repositories/autograder-GP2/temp/ddombrov/build/reports/pmd/main.html

> Task :check
> Task :build

BUILD SUCCESSFUL in 2s
6 actionable tasks: 6 executed


********
 Junit Test Results 
********
> Task :compileJava
> Task :processResources NO-SOURCE
> Task :classes
> Task :compileTestJava
> Task :processTestResources NO-SOURCE
> Task :testClasses

> Task :test FAILED

AyoCaptureStonesTest > testCaptureWhenZeroPlayerOne() FAILED
    java.lang.NullPointerException at AyoCaptureStonesTest.java:22

AyoCaptureStonesTest > testCaptureWhenZeroPlayerTwo() FAILED
    java.lang.NullPointerException at AyoCaptureStonesTest.java:22

AyoCaptureStonesTest > testCaptureOpponentsStonesPlayerOne() FAILED
    java.lang.NullPointerException at AyoCaptureStonesTest.java:22

AyoCaptureStonesTest > testCaptureOpponentsStonesPlayerTwo() FAILED
    java.lang.NullPointerException at AyoCaptureStonesTest.java:22

AyoDistributeStonesTest > testSkipCorrectPitPlayerOne() FAILED
    java.lang.NullPointerException at AyoDistributeStonesTest.java:22

AyoDistributeStonesTest > testSkipCorrectPitPlayerTwo() FAILED
    java.lang.NullPointerException at AyoDistributeStonesTest.java:22

AyoDistributeStonesTest > testCaptureStonesNonEmptyTarget() FAILED
    java.lang.NullPointerException at AyoDistributeStonesTest.java:22

AyoDistributeStonesTest > testSkipCorrectStorePlayerOne() FAILED
    java.lang.NullPointerException at AyoDistributeStonesTest.java:22

AyoDistributeStonesTest > testSkipCorrectStorePlayerTwo() FAILED
    java.lang.NullPointerException at AyoDistributeStonesTest.java:22

AyoDistributeStonesTest > testCorrectValuesInPitsPlayerOne() FAILED
    java.lang.NullPointerException at AyoDistributeStonesTest.java:22

AyoDistributeStonesTest > testCorrectValuesInPitsPlayerTwo() FAILED
    java.lang.NullPointerException at AyoDistributeStonesTest.java:22

AyoDistributeStonesTest > testAddsToCorrectStorePlayerOne() FAILED
    java.lang.NullPointerException at AyoDistributeStonesTest.java:22

AyoDistributeStonesTest > testAddsToCorrectStorePlayerTwo() FAILED
    java.lang.NullPointerException at AyoDistributeStonesTest.java:22

AyoMoveStonesTest > testInvalidMoveOpponentSidePlayerOne() FAILED
    java.lang.NullPointerException at AyoMoveStonesTest.java:22

AyoMoveStonesTest > testInvalidMoveOpponentSidePlayerTwo() FAILED
    java.lang.NullPointerException at AyoMoveStonesTest.java:22

AyoMoveStonesTest > testMoveStonesMultiMoveNoCapturePlayerOne() FAILED
    java.lang.NullPointerException at AyoMoveStonesTest.java:22

AyoMoveStonesTest > testMoveStonesMultiMoveNoCapturePlayerTwo() FAILED
    java.lang.NullPointerException at AyoMoveStonesTest.java:22

AyoMoveStonesTest > testInitialBoardSetup() FAILED
    java.lang.NullPointerException at AyoMoveStonesTest.java:22

AyoMoveStonesTest > testInvalidMoveUpperBoundPlayerOne() FAILED
    java.lang.NullPointerException at AyoMoveStonesTest.java:22

AyoMoveStonesTest > testInvalidMoveUpperBoundPlayerTwo() FAILED
    java.lang.NullPointerException at AyoMoveStonesTest.java:22

AyoMoveStonesTest > testMoveStonesOpponentSideStopPlayerOne() FAILED
    java.lang.NullPointerException at AyoMoveStonesTest.java:22

AyoMoveStonesTest > testMoveStonesOpponentSideStopPlayerTwo() FAILED
    java.lang.NullPointerException at AyoMoveStonesTest.java:22

AyoMoveStonesTest > testInvalidMoveLowerBoundPlayerOne() FAILED
    java.lang.NullPointerException at AyoMoveStonesTest.java:22

AyoMoveStonesTest > testInvalidMoveLowerBoundPlayerTwo() FAILED
    java.lang.NullPointerException at AyoMoveStonesTest.java:22

AyoMoveStonesTest > testMoveStonesReturnValPlayerOne() FAILED
    java.lang.NullPointerException at AyoMoveStonesTest.java:22

AyoMoveStonesTest > testMoveStonesReturnValPlayerTwo() FAILED
    java.lang.NullPointerException at AyoMoveStonesTest.java:22

AyoMoveStonesTest > testMoveStonesZeroCapturePlayerOne() FAILED
    java.lang.NullPointerException at AyoMoveStonesTest.java:22

AyoMoveStonesTest > testMoveStonesZeroCapturePlayerTwo() FAILED
    java.lang.NullPointerException at AyoMoveStonesTest.java:22

AyoMoveStonesTest > testMoveStonesOneMovePlayerOne() FAILED
    java.lang.NullPointerException at AyoMoveStonesTest.java:22

AyoMoveStonesTest > testMoveStonesOneMovePlayerTwo() FAILED
    java.lang.NullPointerException at AyoMoveStonesTest.java:22

AyoMoveStonesTest > testMoveStonesMultiMoveWithCapturePlayerOne() FAILED
    java.lang.NullPointerException at AyoMoveStonesTest.java:22

AyoMoveStonesTest > testMoveStonesMultiMoveWithCapturePlayerTwo() FAILED
    java.lang.NullPointerException at AyoMoveStonesTest.java:22

KalahCaptureStonesTest > testCaptureWhenZeroPlayerOne() FAILED
    java.lang.NullPointerException at KalahCaptureStonesTest.java:22

KalahCaptureStonesTest > testCaptureWhenZeroPlayerTwo() FAILED
    java.lang.NullPointerException at KalahCaptureStonesTest.java:22

KalahCaptureStonesTest > testCaptureOpponentsStonesPlayerOne() FAILED
    java.lang.NullPointerException at KalahCaptureStonesTest.java:22

KalahCaptureStonesTest > testCaptureOpponentsStonesPlayerTwo() FAILED
    java.lang.NullPointerException at KalahCaptureStonesTest.java:22

KalahDistributeStonesTest > testSkipCorrectStorePlayerOne() FAILED
    java.lang.NullPointerException at KalahDistributeStonesTest.java:22

KalahDistributeStonesTest > testSkipCorrectStorePlayerTwo() FAILED
    java.lang.NullPointerException at KalahDistributeStonesTest.java:22

KalahDistributeStonesTest > testCorrectValuesInPitsPlayerOne() FAILED
    java.lang.NullPointerException at KalahDistributeStonesTest.java:22

KalahDistributeStonesTest > testCorrectValuesInPitsPlayerTwo() FAILED
    java.lang.NullPointerException at KalahDistributeStonesTest.java:22

KalahDistributeStonesTest > testAddsToCorrectStorePlayerOne() FAILED
    java.lang.NullPointerException at KalahDistributeStonesTest.java:22

KalahDistributeStonesTest > testAddsToCorrectStorePlayerTwo() FAILED
    java.lang.NullPointerException at KalahDistributeStonesTest.java:22

KalahMoveStonesTest > testInvalidMoveOpponentSidePlayerOne() FAILED
    java.lang.NullPointerException at KalahMoveStonesTest.java:22

KalahMoveStonesTest > testInvalidMoveOpponentSidePlayerTwo() FAILED
    java.lang.NullPointerException at KalahMoveStonesTest.java:22

KalahMoveStonesTest > testMoveStonesEndInStore() FAILED
    java.lang.NullPointerException at KalahMoveStonesTest.java:22

KalahMoveStonesTest > testInitialBoardSetup() FAILED
    java.lang.NullPointerException at KalahMoveStonesTest.java:22

KalahMoveStonesTest > testInvalidMoveUpperBoundPlayerOne() FAILED
    java.lang.NullPointerException at KalahMoveStonesTest.java:22

KalahMoveStonesTest > testInvalidMoveUpperBoundPlayerTwo() FAILED
    java.lang.NullPointerException at KalahMoveStonesTest.java:22

KalahMoveStonesTest > testMoveStonesStopInStorePlayerTwo() FAILED
    java.lang.NullPointerException at KalahMoveStonesTest.java:22

KalahMoveStonesTest > testMoveStonesWithCapturePlayerOne() FAILED
    java.lang.NullPointerException at KalahMoveStonesTest.java:22

KalahMoveStonesTest > testMoveStonesWithCapturePlayerTwo() FAILED
    java.lang.NullPointerException at KalahMoveStonesTest.java:22

KalahMoveStonesTest > testMoveStonesOpponentSideStopPlayerOne() FAILED
    java.lang.NullPointerException at KalahMoveStonesTest.java:22

KalahMoveStonesTest > testMoveStonesOpponentSideStopPlayerTwo() FAILED
    java.lang.NullPointerException at KalahMoveStonesTest.java:22

KalahMoveStonesTest > testInvalidMoveLowerBoundPlayerOne() FAILED
    java.lang.NullPointerException at KalahMoveStonesTest.java:22

KalahMoveStonesTest > testInvalidMoveLowerBoundPlayerTwo() FAILED
    java.lang.NullPointerException at KalahMoveStonesTest.java:22

KalahMoveStonesTest > testMoveStonesReturnValPlayerOne() FAILED
    java.lang.NullPointerException at KalahMoveStonesTest.java:22

KalahMoveStonesTest > testMoveStonesReturnValPlayerTwo() FAILED
    java.lang.NullPointerException at KalahMoveStonesTest.java:22

KalahMoveStonesTest > testMoveStonesZeroCapturePlayerOne() FAILED
    java.lang.NullPointerException at KalahMoveStonesTest.java:22

KalahMoveStonesTest > testMoveStonesZeroCapturePlayerTwo() FAILED
    java.lang.NullPointerException at KalahMoveStonesTest.java:22

KalahMoveStonesTest > testMoveStonesOneMovePlayerOne() FAILED
    java.lang.NullPointerException at KalahMoveStonesTest.java:22

KalahMoveStonesTest > testMoveStonesOneMovePlayerTwo() FAILED
    java.lang.NullPointerException at KalahMoveStonesTest.java:22
3 actionable tasks: 3 executed


61 tests completed, 61 failed

FAILURE: Build failed with an exception.

* What went wrong:
Execution failed for task ':test'.
> There were failing tests. See the report at: file:///Users/judi/Desktop/repositories/autograder-GP2/temp/ddombrov/build/reports/tests/test/index.html

* Try:
> Run with --scan to get full insights.

BUILD FAILED in 1s


********
 Polymorphism implementation 
********
> Task :compileJava
> Task :processResources NO-SOURCE
> Task :classes
> Task :compileTestJava
> Task :processTestResources NO-SOURCE
> Task :testClasses

> Task :test FAILED

SaverTest > testSaverClass() FAILED
    org.opentest4j.AssertionFailedError at SaverTest.java:18
3 actionable tasks: 3 executed


17 tests completed, 1 failed

FAILURE: Build failed with an exception.

* What went wrong:
Execution failed for task ':test'.
> There were failing tests. See the report at: file:///Users/judi/Desktop/repositories/autograder-GP2/temp/ddombrov/build/reports/tests/test/index.html

* Try:
> Run with --scan to get full insights.

BUILD FAILED in 1s
